<?xml version="1.0" encoding="UTF-8"?>
<!-- Generated by org.testng.reporters.JUnitXMLReporter -->
<testsuite ignored="0" hostname="MANOHAR" failures="0" tests="10" name="Surefire test" time="22.86" errors="0" timestamp="2024-07-11T15:59:43 IST">
  <testcase classname="api.test.DDTest" name="testPostUser" time="5.995"/>
  <testcase classname="api.test.DDTest" name="testPostUser" time="1.309"/>
  <testcase classname="api.test.DDTest" name="testPostUser" time="1.225"/>
  <testcase classname="api.test.DDTest" name="testDeleteUserByName" time="1.289"/>
  <testcase classname="api.test.DDTest" name="testDeleteUserByName" time="1.227"/>
  <testcase classname="api.test.DDTest" name="testDeleteUserByName" time="1.267"/>
  <testcase classname="api.test.UserTest" name="testPostUser" time="1.334"/>
  <testcase classname="api.test.UserTest" name="testGetUserByName" time="1.304"/>
  <testcase classname="api.test.UserTest" name="testUpdateUserByName" time="2.572"/>
  <testcase classname="api.test.UserTest" name="testDeleteUser" time="1.311"/>
</testsuite> <!-- Surefire test -->
