<?xml version="1.0" encoding="UTF-8"?>
<!-- Generated by org.testng.reporters.JUnitXMLReporter -->
<testsuite ignored="0" hostname="MANOHAR" failures="0" tests="6" name="Default test" time="10.802" errors="0" timestamp="2024-07-10T16:15:27 IST">
  <testcase classname="api.test.DDTest" name="testPostUser" time="3.192"/>
  <testcase classname="api.test.DDTest" name="testPostUser" time="1.394"/>
  <testcase classname="api.test.DDTest" name="testPostUser" time="1.234"/>
  <testcase classname="api.test.DDTest" name="testDeleteUserByName" time="1.222"/>
  <testcase classname="api.test.DDTest" name="testDeleteUserByName" time="1.201"/>
  <testcase classname="api.test.DDTest" name="testDeleteUserByName" time="1.15"/>
</testsuite> <!-- Default test -->
