<?xml version="1.0" encoding="UTF-8"?>
<!-- Generated by org.testng.reporters.JUnitXMLReporter -->
<testsuite ignored="0" hostname="MANOHAR" failures="0" tests="4" name="Default test" time="9.011" errors="0" timestamp="2024-07-11T18:12:30 IST">
  <testcase classname="api.test.UserTest" name="testPostUser" time="3.196"/>
  <testcase classname="api.test.UserTest" name="testGetUserByName" time="1.155"/>
  <testcase classname="api.test.UserTest" name="testUpdateUserByName" time="2.356"/>
  <testcase classname="api.test.UserTest" name="testDeleteUser" time="1.353"/>
</testsuite> <!-- Default test -->
