<?xml version="1.0" encoding="UTF-8"?>
<testng-results ignored="0" total="4" passed="4" failed="0" skipped="0">
  <reporter-output>
  </reporter-output>
  <suite started-at="2024-07-11T16:09:57 IST" name="PetSuite" finished-at="2024-07-11T16:10:09 IST" duration-ms="12704">
    <groups>
    </groups>
    <test started-at="2024-07-11T16:09:57 IST" name="PetTests" finished-at="2024-07-11T16:10:09 IST" duration-ms="12704">
      <class name="api.test.UserTest2">
        <test-method is-config="true" signature="setup()[pri:0, instance:api.test.UserTest2@7722c3c3]" started-at="2024-07-11T16:09:57 IST" name="setup" finished-at="2024-07-11T16:09:59 IST" duration-ms="1590" status="PASS">
          <reporter-output>
          </reporter-output>
        </test-method> <!-- setup -->
        <test-method signature="testPostUser()[pri:1, instance:api.test.UserTest2@7722c3c3]" started-at="2024-07-11T16:09:59 IST" name="testPostUser" finished-at="2024-07-11T16:10:04 IST" duration-ms="4773" status="PASS">
          <reporter-output>
          </reporter-output>
        </test-method> <!-- testPostUser -->
        <test-method signature="testGetUserByName()[pri:2, instance:api.test.UserTest2@7722c3c3]" started-at="2024-07-11T16:10:04 IST" name="testGetUserByName" finished-at="2024-07-11T16:10:05 IST" duration-ms="1871" status="PASS">
          <reporter-output>
          </reporter-output>
        </test-method> <!-- testGetUserByName -->
        <test-method signature="testUpdateUserByName()[pri:3, instance:api.test.UserTest2@7722c3c3]" started-at="2024-07-11T16:10:05 IST" name="testUpdateUserByName" finished-at="2024-07-11T16:10:08 IST" duration-ms="2781" status="PASS">
          <reporter-output>
          </reporter-output>
        </test-method> <!-- testUpdateUserByName -->
        <test-method signature="testDeleteUser()[pri:4, instance:api.test.UserTest2@7722c3c3]" started-at="2024-07-11T16:10:08 IST" name="testDeleteUser" finished-at="2024-07-11T16:10:09 IST" duration-ms="1186" status="PASS">
          <reporter-output>
          </reporter-output>
        </test-method> <!-- testDeleteUser -->
      </class> <!-- api.test.UserTest2 -->
    </test> <!-- PetTests -->
  </suite> <!-- PetSuite -->
</testng-results>
