<?xml version="1.0" encoding="UTF-8"?>
<testng-results ignored="0" total="4" passed="4" failed="0" skipped="0">
  <reporter-output>
  </reporter-output>
  <suite started-at="2024-07-11T18:12:41 IST" name="PetSuite" finished-at="2024-07-11T18:12:49 IST" duration-ms="8786">
    <groups>
    </groups>
    <test started-at="2024-07-11T18:12:41 IST" name="PetTests" finished-at="2024-07-11T18:12:49 IST" duration-ms="8786">
      <class name="api.test.UserTest">
        <test-method is-config="true" signature="setup()[pri:0, instance:api.test.UserTest@5f049ea1]" started-at="2024-07-11T18:12:41 IST" name="setup" finished-at="2024-07-11T18:12:42 IST" duration-ms="883" status="PASS">
          <reporter-output>
          </reporter-output>
        </test-method> <!-- setup -->
        <test-method signature="testPostUser()[pri:1, instance:api.test.UserTest@5f049ea1]" started-at="2024-07-11T18:12:42 IST" name="testPostUser" finished-at="2024-07-11T18:12:45 IST" duration-ms="2882" status="PASS">
          <reporter-output>
          </reporter-output>
        </test-method> <!-- testPostUser -->
        <test-method signature="testGetUserByName()[pri:2, instance:api.test.UserTest@5f049ea1]" started-at="2024-07-11T18:12:45 IST" name="testGetUserByName" finished-at="2024-07-11T18:12:46 IST" duration-ms="1188" status="PASS">
          <reporter-output>
          </reporter-output>
        </test-method> <!-- testGetUserByName -->
        <test-method signature="testUpdateUserByName()[pri:3, instance:api.test.UserTest@5f049ea1]" started-at="2024-07-11T18:12:46 IST" name="testUpdateUserByName" finished-at="2024-07-11T18:12:48 IST" duration-ms="2451" status="PASS">
          <reporter-output>
          </reporter-output>
        </test-method> <!-- testUpdateUserByName -->
        <test-method signature="testDeleteUser()[pri:4, instance:api.test.UserTest@5f049ea1]" started-at="2024-07-11T18:12:48 IST" name="testDeleteUser" finished-at="2024-07-11T18:12:49 IST" duration-ms="1091" status="PASS">
          <reporter-output>
          </reporter-output>
        </test-method> <!-- testDeleteUser -->
      </class> <!-- api.test.UserTest -->
    </test> <!-- PetTests -->
  </suite> <!-- PetSuite -->
</testng-results>
