<?xml version="1.0" encoding="UTF-8"?>
<!-- Generated by org.testng.reporters.JUnitXMLReporter -->
<testsuite ignored="0" hostname="MANOHAR" failures="0" tests="4" name="PetTests" time="10.884" errors="0" timestamp="2024-07-11T17:16:19 IST">
  <testcase classname="api.test.UserTest2" name="testPostUser" time="3.819"/>
  <testcase classname="api.test.UserTest2" name="testGetUserByName" time="1.445"/>
  <testcase classname="api.test.UserTest2" name="testUpdateUserByName" time="2.743"/>
  <testcase classname="api.test.UserTest2" name="testDeleteUser" time="1.323"/>
</testsuite> <!-- PetTests -->
