<?xml version="1.0" encoding="UTF-8"?>
<!-- Generated by org.testng.reporters.JUnitXMLReporter -->
<testsuite ignored="0" hostname="MANOHAR" failures="0" tests="4" name="PetTests" time="9.109" errors="0" timestamp="2024-07-11T18:01:40 IST">
  <testcase classname="api.test.UserTest" name="testPostUser" time="3.266"/>
  <testcase classname="api.test.UserTest" name="testGetUserByName" time="1.177"/>
  <testcase classname="api.test.UserTest" name="testUpdateUserByName" time="2.324"/>
  <testcase classname="api.test.UserTest" name="testDeleteUser" time="1.181"/>
</testsuite> <!-- PetTests -->
