<?xml version="1.0" encoding="UTF-8"?>
<!-- Generated by org.testng.reporters.JUnitXMLReporter -->
<testsuite ignored="0" hostname="MANOHAR" failures="0" tests="4" name="PetTests" time="12.288" errors="0" timestamp="2024-07-11T15:49:11 IST">
  <testcase classname="api.test.UserTest2" name="testPostUser" time="4.88"/>
  <testcase classname="api.test.UserTest2" name="testGetUserByName" time="1.275"/>
  <testcase classname="api.test.UserTest2" name="testUpdateUserByName" time="2.533"/>
  <testcase classname="api.test.UserTest2" name="testDeleteUser" time="1.644"/>
</testsuite> <!-- PetTests -->
