<?xml version="1.0" encoding="UTF-8"?>
<!-- Generated by org.testng.reporters.JUnitXMLReporter -->
<testsuite ignored="0" hostname="MANOHAR" failures="0" tests="4" name="PetTests" time="8.786" errors="0" timestamp="2024-07-11T18:12:50 IST">
  <testcase classname="api.test.UserTest" name="testPostUser" time="2.882"/>
  <testcase classname="api.test.UserTest" name="testGetUserByName" time="1.188"/>
  <testcase classname="api.test.UserTest" name="testUpdateUserByName" time="2.451"/>
  <testcase classname="api.test.UserTest" name="testDeleteUser" time="1.091"/>
</testsuite> <!-- PetTests -->
